<?xml version="1.0" encoding="UTF-8"?>
<coverage generated="1625595986509" clover="3.2.0">
  <project timestamp="1625595986509" name="All files">
    <metrics statements="34" coveredstatements="33" conditionals="25" coveredconditionals="24" methods="10" coveredmethods="10" elements="69" coveredelements="67" complexity="0" loc="34" ncloc="34" packages="1" files="1" classes="1"/>
    <file name="index.js" path="/home/jo/mapargs/index.js">
      <metrics statements="34" coveredstatements="33" conditionals="25" coveredconditionals="24" methods="10" coveredmethods="10"/>
      <line num="1" count="1" type="cond" truecount="1" falsecount="0"/>
      <line num="2" count="11" type="stmt"/>
      <line num="3" count="11" type="stmt"/>
      <line num="4" count="11" type="stmt"/>
      <line num="5" count="11" type="stmt"/>
      <line num="6" count="11" type="stmt"/>
      <line num="7" count="11" type="cond" truecount="1" falsecount="0"/>
      <line num="8" count="11" type="cond" truecount="1" falsecount="0"/>
      <line num="9" count="11" type="cond" truecount="1" falsecount="0"/>
      <line num="10" count="11" type="cond" truecount="1" falsecount="0"/>
      <line num="11" count="11" type="stmt"/>
      <line num="12" count="11" type="cond" truecount="2" falsecount="0"/>
      <line num="13" count="11" type="cond" truecount="1" falsecount="0"/>
      <line num="14" count="11" type="cond" truecount="3" falsecount="0"/>
      <line num="15" count="11" type="cond" truecount="1" falsecount="0"/>
      <line num="16" count="11" type="stmt"/>
      <line num="17" count="11" type="cond" truecount="1" falsecount="0"/>
      <line num="18" count="13" type="cond" truecount="0" falsecount="1"/>
      <line num="19" count="0" type="stmt"/>
      <line num="20" count="13" type="cond" truecount="2" falsecount="0"/>
      <line num="21" count="12" type="stmt"/>
      <line num="22" count="12" type="cond" truecount="3" falsecount="0"/>
      <line num="23" count="11" type="stmt"/>
      <line num="24" count="11" type="stmt"/>
      <line num="25" count="11" type="cond" truecount="2" falsecount="0"/>
      <line num="26" count="8" type="cond" truecount="1" falsecount="0"/>
      <line num="27" count="8" type="cond" truecount="3" falsecount="0"/>
      <line num="28" count="5" type="stmt"/>
      <line num="29" count="11" type="stmt"/>
      <line num="30" count="11" type="stmt"/>
      <line num="31" count="11" type="stmt"/>
      <line num="32" count="11" type="stmt"/>
      <line num="33" count="11" type="stmt"/>
      <line num="34" count="1" type="stmt"/>
    </file>
  </project>
</coverage>
