{"/home/jo/mapargs/index.js": {"path":"/home/jo/mapargs/index.js","all":false,"statementMap":{"0":{"start":{"line":1,"column":0},"end":{"line":1,"column":24}},"1":{"start":{"line":2,"column":0},"end":{"line":2,"column":9}},"2":{"start":{"line":3,"column":0},"end":{"line":3,"column":27}},"3":{"start":{"line":4,"column":0},"end":{"line":4,"column":27}},"4":{"start":{"line":5,"column":0},"end":{"line":5,"column":22}},"5":{"start":{"line":6,"column":0},"end":{"line":6,"column":63}},"6":{"start":{"line":7,"column":0},"end":{"line":7,"column":45}},"7":{"start":{"line":8,"column":0},"end":{"line":8,"column":44}},"8":{"start":{"line":9,"column":0},"end":{"line":9,"column":93}},"9":{"start":{"line":10,"column":0},"end":{"line":10,"column":85}},"10":{"start":{"line":11,"column":0},"end":{"line":11,"column":25}},"11":{"start":{"line":12,"column":0},"end":{"line":12,"column":52}},"12":{"start":{"line":13,"column":0},"end":{"line":13,"column":74}},"13":{"start":{"line":14,"column":0},"end":{"line":14,"column":73}},"14":{"start":{"line":15,"column":0},"end":{"line":15,"column":81}},"15":{"start":{"line":16,"column":0},"end":{"line":16,"column":44}},"16":{"start":{"line":17,"column":0},"end":{"line":17,"column":27}},"17":{"start":{"line":18,"column":0},"end":{"line":18,"column":33}},"18":{"start":{"line":19,"column":0},"end":{"line":19,"column":27}},"19":{"start":{"line":20,"column":0},"end":{"line":20,"column":33}},"20":{"start":{"line":21,"column":0},"end":{"line":21,"column":53}},"21":{"start":{"line":22,"column":0},"end":{"line":22,"column":62}},"22":{"start":{"line":23,"column":0},"end":{"line":23,"column":64}},"23":{"start":{"line":24,"column":0},"end":{"line":24,"column":60}},"24":{"start":{"line":25,"column":0},"end":{"line":25,"column":45}},"25":{"start":{"line":26,"column":0},"end":{"line":26,"column":83}},"26":{"start":{"line":27,"column":0},"end":{"line":27,"column":86}},"27":{"start":{"line":28,"column":0},"end":{"line":28,"column":68}},"28":{"start":{"line":29,"column":0},"end":{"line":29,"column":60}},"29":{"start":{"line":30,"column":0},"end":{"line":30,"column":56}},"30":{"start":{"line":31,"column":0},"end":{"line":31,"column":73}},"31":{"start":{"line":32,"column":0},"end":{"line":32,"column":131}},"32":{"start":{"line":33,"column":0},"end":{"line":33,"column":18}},"33":{"start":{"line":34,"column":0},"end":{"line":34,"column":2}},"34":{"start":{"line":35,"column":0},"end":{"line":35,"column":22}}},"s":{"0":1,"1":11,"2":11,"3":11,"4":11,"5":11,"6":11,"7":11,"8":11,"9":11,"10":11,"11":11,"12":11,"13":11,"14":11,"15":11,"16":11,"17":13,"18":11,"19":11,"20":10,"21":10,"22":10,"23":9,"24":9,"25":9,"26":6,"27":6,"28":3,"29":11,"30":11,"31":11,"32":11,"33":11,"34":1},"branchMap":{"0":{"type":"branch","line":1,"loc":{"start":{"line":1,"column":14},"end":{"line":34,"column":2}},"locations":[{"start":{"line":1,"column":14},"end":{"line":34,"column":2}}]},"1":{"type":"branch","line":7,"loc":{"start":{"line":7,"column":23},"end":{"line":7,"column":36}},"locations":[{"start":{"line":7,"column":23},"end":{"line":7,"column":36}}]},"2":{"type":"branch","line":8,"loc":{"start":{"line":8,"column":22},"end":{"line":8,"column":35}},"locations":[{"start":{"line":8,"column":22},"end":{"line":8,"column":35}}]},"3":{"type":"branch","line":9,"loc":{"start":{"line":9,"column":20},"end":{"line":9,"column":36}},"locations":[{"start":{"line":9,"column":20},"end":{"line":9,"column":36}}]},"4":{"type":"branch","line":10,"loc":{"start":{"line":10,"column":22},"end":{"line":10,"column":38}},"locations":[{"start":{"line":10,"column":22},"end":{"line":10,"column":38}}]},"5":{"type":"branch","line":12,"loc":{"start":{"line":12,"column":18},"end":{"line":12,"column":52}},"locations":[{"start":{"line":12,"column":18},"end":{"line":12,"column":52}}]},"6":{"type":"branch","line":12,"loc":{"start":{"line":12,"column":27},"end":{"line":12,"column":52}},"locations":[{"start":{"line":12,"column":27},"end":{"line":12,"column":52}}]},"7":{"type":"branch","line":14,"loc":{"start":{"line":14,"column":22},"end":{"line":14,"column":73}},"locations":[{"start":{"line":14,"column":22},"end":{"line":14,"column":73}}]},"8":{"type":"branch","line":14,"loc":{"start":{"line":14,"column":27},"end":{"line":14,"column":73}},"locations":[{"start":{"line":14,"column":27},"end":{"line":14,"column":73}}]},"9":{"type":"branch","line":15,"loc":{"start":{"line":15,"column":28},"end":{"line":15,"column":81}},"locations":[{"start":{"line":15,"column":28},"end":{"line":15,"column":81}}]},"10":{"type":"branch","line":17,"loc":{"start":{"line":17,"column":22},"end":{"line":30,"column":47}},"locations":[{"start":{"line":17,"column":22},"end":{"line":30,"column":47}}]},"11":{"type":"branch","line":18,"loc":{"start":{"line":18,"column":12},"end":{"line":19,"column":27}},"locations":[{"start":{"line":18,"column":12},"end":{"line":19,"column":27}}]},"12":{"type":"branch","line":18,"loc":{"start":{"line":18,"column":12},"end":{"line":30,"column":47}},"locations":[{"start":{"line":18,"column":12},"end":{"line":30,"column":47}}]},"13":{"type":"branch","line":20,"loc":{"start":{"line":20,"column":18},"end":{"line":22,"column":28}},"locations":[{"start":{"line":20,"column":18},"end":{"line":22,"column":28}}]},"14":{"type":"branch","line":20,"loc":{"start":{"line":20,"column":18},"end":{"line":30,"column":47}},"locations":[{"start":{"line":20,"column":18},"end":{"line":30,"column":47}}]},"15":{"type":"branch","line":23,"loc":{"start":{"line":23,"column":22},"end":{"line":23,"column":52}},"locations":[{"start":{"line":23,"column":22},"end":{"line":23,"column":52}}]},"16":{"type":"branch","line":23,"loc":{"start":{"line":23,"column":22},"end":{"line":25,"column":32}},"locations":[{"start":{"line":23,"column":22},"end":{"line":25,"column":32}}]},"17":{"type":"branch","line":23,"loc":{"start":{"line":23,"column":22},"end":{"line":30,"column":47}},"locations":[{"start":{"line":23,"column":22},"end":{"line":30,"column":47}}]},"18":{"type":"branch","line":26,"loc":{"start":{"line":26,"column":26},"end":{"line":26,"column":64}},"locations":[{"start":{"line":26,"column":26},"end":{"line":26,"column":64}}]},"19":{"type":"branch","line":26,"loc":{"start":{"line":26,"column":26},"end":{"line":26,"column":83}},"locations":[{"start":{"line":26,"column":26},"end":{"line":26,"column":83}}]},"20":{"type":"branch","line":26,"loc":{"start":{"line":26,"column":26},"end":{"line":27,"column":31}},"locations":[{"start":{"line":26,"column":26},"end":{"line":27,"column":31}}]},"21":{"type":"branch","line":26,"loc":{"start":{"line":26,"column":26},"end":{"line":30,"column":47}},"locations":[{"start":{"line":26,"column":26},"end":{"line":30,"column":47}}]},"22":{"type":"branch","line":28,"loc":{"start":{"line":28,"column":30},"end":{"line":28,"column":66}},"locations":[{"start":{"line":28,"column":30},"end":{"line":28,"column":66}}]},"23":{"type":"branch","line":28,"loc":{"start":{"line":28,"column":30},"end":{"line":29,"column":40}},"locations":[{"start":{"line":28,"column":30},"end":{"line":29,"column":40}}]},"24":{"type":"branch","line":28,"loc":{"start":{"line":28,"column":30},"end":{"line":30,"column":47}},"locations":[{"start":{"line":28,"column":30},"end":{"line":30,"column":47}}]},"25":{"type":"branch","line":27,"loc":{"start":{"line":27,"column":59},"end":{"line":27,"column":71}},"locations":[{"start":{"line":27,"column":59},"end":{"line":27,"column":71}}]}},"b":{"0":[11],"1":[11],"2":[2],"3":[1],"4":[1],"5":[11],"6":[10],"7":[32],"8":[26],"9":[9],"10":[13],"11":[2],"12":[11],"13":[1],"14":[10],"15":[7],"16":[1],"17":[9],"18":[6],"19":[4],"20":[3],"21":[6],"22":[3],"23":[3],"24":[3],"25":[9]},"fnMap":{"0":{"name":"main","decl":{"start":{"line":1,"column":14},"end":{"line":34,"column":2}},"loc":{"start":{"line":1,"column":14},"end":{"line":34,"column":2}},"line":1},"1":{"name":"eqSymbolTest","decl":{"start":{"line":7,"column":23},"end":{"line":7,"column":36}},"loc":{"start":{"line":7,"column":23},"end":{"line":7,"column":36}},"line":7},"2":{"name":"eqSymbolExe","decl":{"start":{"line":8,"column":22},"end":{"line":8,"column":35}},"loc":{"start":{"line":8,"column":22},"end":{"line":8,"column":35}},"line":8},"3":{"name":"resultKey","decl":{"start":{"line":9,"column":20},"end":{"line":9,"column":36}},"loc":{"start":{"line":9,"column":20},"end":{"line":9,"column":36}},"line":9},"4":{"name":"resultValue","decl":{"start":{"line":10,"column":22},"end":{"line":10,"column":38}},"loc":{"start":{"line":10,"column":22},"end":{"line":10,"column":38}},"line":10},"5":{"name":"nextOf","decl":{"start":{"line":12,"column":18},"end":{"line":12,"column":52}},"loc":{"start":{"line":12,"column":18},"end":{"line":12,"column":52}},"line":12},"6":{"name":"matchHyphen","decl":{"start":{"line":14,"column":22},"end":{"line":14,"column":73}},"loc":{"start":{"line":14,"column":22},"end":{"line":14,"column":73}},"line":14},"7":{"name":"matchDoubleHyphen","decl":{"start":{"line":15,"column":28},"end":{"line":15,"column":81}},"loc":{"start":{"line":15,"column":28},"end":{"line":15,"column":81}},"line":15},"8":{"name":"filterFunc","decl":{"start":{"line":17,"column":22},"end":{"line":30,"column":47}},"loc":{"start":{"line":17,"column":22},"end":{"line":30,"column":47}},"line":17}},"f":{"0":11,"1":11,"2":2,"3":1,"4":1,"5":11,"6":32,"7":9,"8":13}}
}
