TN:
SF:../index.js
FN:1,main
FN:7,eqSymbolTest
FN:8,eqSymbolExe
FN:9,resultKey
FN:10,resultValue
FN:12,nextOf
FN:14,matchHyphen
FN:15,matchDoubleHyphen
FN:17,filterFunc
FNF:9
FNH:9
FNDA:11,main
FNDA:11,eqSymbolTest
FNDA:2,eqSymbolExe
FNDA:1,resultKey
FNDA:1,resultValue
FNDA:11,nextOf
FNDA:32,matchHyphen
FNDA:9,matchDoubleHyphen
FNDA:13,filterFunc
DA:1,1
DA:2,11
DA:3,11
DA:4,11
DA:5,11
DA:6,11
DA:7,11
DA:8,11
DA:9,11
DA:10,11
DA:11,11
DA:12,11
DA:13,11
DA:14,11
DA:15,11
DA:16,11
DA:17,11
DA:18,13
DA:19,11
DA:20,11
DA:21,10
DA:22,10
DA:23,10
DA:24,9
DA:25,9
DA:26,9
DA:27,6
DA:28,6
DA:29,3
DA:30,11
DA:31,11
DA:32,11
DA:33,11
DA:34,11
DA:35,1
LF:35
LH:35
BRDA:1,0,0,11
BRDA:7,1,0,11
BRDA:8,2,0,2
BRDA:9,3,0,1
BRDA:10,4,0,1
BRDA:12,5,0,11
BRDA:12,6,0,10
BRDA:14,7,0,32
BRDA:14,8,0,26
BRDA:15,9,0,9
BRDA:17,10,0,13
BRDA:18,11,0,2
BRDA:18,12,0,11
BRDA:20,13,0,1
BRDA:20,14,0,10
BRDA:23,15,0,7
BRDA:23,16,0,1
BRDA:23,17,0,9
BRDA:26,18,0,6
BRDA:26,19,0,4
BRDA:26,20,0,3
BRDA:26,21,0,6
BRDA:28,22,0,3
BRDA:28,23,0,3
BRDA:28,24,0,3
BRDA:27,25,0,9
BRF:26
BRH:26
end_of_record
