TN:
SF:../index.js
FN:1,clamap
FN:8,eqSymbolTest
FN:9,eqSymbolExe
FN:10,resultKey
FN:11,resultValue
FN:13,matchHyphen
FN:14,matchDoubleHyphen
FN:15,matchHyphen_notDoubleHyphen_moreOneArg
FN:16,argsMinusHyphen
FN:17,removeHyphen
FN:19,filterFunc
FNF:11
FNH:11
FNDA:11,clamap
FNDA:11,eqSymbolTest
FNDA:2,eqSymbolExe
FNDA:1,resultKey
FNDA:1,resultValue
FNDA:32,matchHyphen
FNDA:13,matchDoubleHyphen
FNDA:9,matchHyphen_notDoubleHyphen_moreOneArg
FNDA:3,argsMinusHyphen
FNDA:4,removeHyphen
FNDA:11,filterFunc
DA:1,1
DA:2,11
DA:3,11
DA:4,11
DA:5,11
DA:6,11
DA:7,11
DA:8,11
DA:9,11
DA:10,11
DA:11,11
DA:12,11
DA:13,11
DA:14,11
DA:15,11
DA:16,11
DA:17,11
DA:18,11
DA:19,11
DA:20,11
DA:21,0
DA:22,11
DA:23,10
DA:24,10
DA:25,9
DA:26,9
DA:27,9
DA:28,6
DA:29,6
DA:30,3
DA:31,11
DA:32,11
DA:33,11
DA:34,11
DA:35,11
DA:36,11
DA:37,1
LF:37
LH:36
BRDA:1,0,0,11
BRDA:8,1,0,11
BRDA:9,2,0,2
BRDA:10,3,0,1
BRDA:11,4,0,1
BRDA:13,5,0,32
BRDA:13,6,0,28
BRDA:14,7,0,13
BRDA:15,8,0,9
BRDA:15,9,0,6
BRDA:15,10,0,4
BRDA:16,11,0,3
BRDA:17,12,0,4
BRDA:17,13,0,3
BRDA:17,14,0,1
BRDA:19,15,0,11
BRDA:20,16,0,0
BRDA:22,17,0,1
BRDA:22,18,0,10
BRDA:24,19,0,7
BRDA:24,20,0,1
BRDA:24,21,0,9
BRDA:27,22,0,3
BRDA:27,23,0,6
BRDA:29,24,0,3
BRDA:29,25,0,3
BRDA:29,26,0,3
BRDA:28,27,0,9
BRF:28
BRH:27
end_of_record
